0 info it worked if it ends with ok
1 verbose cli [ '/usr/local/bin/node',
1 verbose cli   '/usr/local/bin/npm',
1 verbose cli   'install',
1 verbose cli   'express' ]
2 info using npm@1.2.14
3 info using node@v0.10.0
4 verbose read json /home/bdr/bn44/package.json
5 verbose read json /home/bdr/bn44/node_modules/exif/package.json
6 verbose read json /home/bdr/bn44/node_modules/exif2/package.json
7 verbose read json /home/bdr/bn44/node_modules/express/package.json
8 verbose read json /home/bdr/bn44/node_modules/gm-exif/package.json
9 verbose read json /home/bdr/bn44/node_modules/npm-debug.log/package.json
10 verbose read json /home/bdr/bn44/package.json
11 verbose cache add [ 'express', null ]
12 verbose cache add name=undefined spec="express" args=["express",null]
13 verbose parsed url { protocol: null,
13 verbose parsed url   slashes: null,
13 verbose parsed url   auth: null,
13 verbose parsed url   host: null,
13 verbose parsed url   port: null,
13 verbose parsed url   hostname: null,
13 verbose parsed url   hash: null,
13 verbose parsed url   search: null,
13 verbose parsed url   query: null,
13 verbose parsed url   pathname: 'express',
13 verbose parsed url   path: 'express',
13 verbose parsed url   href: 'express' }
14 silly lockFile f3c62de4-express express
15 verbose lock express /home/bdr/.npm/f3c62de4-express.lock
16 silly lockFile f3c62de4-express express
17 silly lockFile f3c62de4-express express
18 verbose addNamed [ 'express', '' ]
19 verbose addNamed [ null, '' ]
20 silly lockFile 64a534c1-express express@
21 verbose lock express@ /home/bdr/.npm/64a534c1-express.lock
22 silly addNameRange { name: 'express', range: '', hasData: false }
23 verbose url raw express
24 verbose url resolving [ 'https://registry.npmjs.org/', './express' ]
25 verbose url resolved https://registry.npmjs.org/express
26 info trying registry request attempt 1 at 18:16:33
27 verbose etag "AAYLMILCOEUV34ZPA5NV8ESCU"
28 http GET https://registry.npmjs.org/express
29 http 200 https://registry.npmjs.org/express
30 silly registry.get cb [ 200,
30 silly registry.get   { vary: 'Accept',
30 silly registry.get     server: 'CouchDB/1.3.0 (Erlang OTP/R15B03)',
30 silly registry.get     etag: '"8GIV2DFFA2C7KC86K317COZPW"',
30 silly registry.get     date: 'Thu, 11 Apr 2013 22:16:42 GMT',
30 silly registry.get     'content-type': 'application/json',
30 silly registry.get     'content-length': '290384' } ]
31 silly addNameRange number 2 { name: 'express', range: '', hasData: true }
32 silly addNameRange versions [ 'express',
32 silly addNameRange   [ '0.14.0',
32 silly addNameRange     '0.14.1',
32 silly addNameRange     '1.0.0beta',
32 silly addNameRange     '1.0.0beta2',
32 silly addNameRange     '1.0.0rc',
32 silly addNameRange     '1.0.0rc2',
32 silly addNameRange     '1.0.0rc3',
32 silly addNameRange     '1.0.0rc4',
32 silly addNameRange     '1.0.0',
32 silly addNameRange     '1.0.1',
32 silly addNameRange     '1.0.2',
32 silly addNameRange     '1.0.3',
32 silly addNameRange     '1.0.4',
32 silly addNameRange     '1.0.5',
32 silly addNameRange     '1.0.6',
32 silly addNameRange     '1.0.7',
32 silly addNameRange     '2.0.0beta',
32 silly addNameRange     '1.0.8',
32 silly addNameRange     '2.0.0beta2',
32 silly addNameRange     '2.0.0beta3',
32 silly addNameRange     '2.0.0rc',
32 silly addNameRange     '2.0.0rc2',
32 silly addNameRange     '2.0.0rc3',
32 silly addNameRange     '2.0.0',
32 silly addNameRange     '2.1.0',
32 silly addNameRange     '2.1.1',
32 silly addNameRange     '2.2.0',
32 silly addNameRange     '2.2.1',
32 silly addNameRange     '2.2.2',
32 silly addNameRange     '2.3.0',
32 silly addNameRange     '2.3.1',
32 silly addNameRange     '2.3.2',
32 silly addNameRange     '2.3.3',
32 silly addNameRange     '2.3.4',
32 silly addNameRange     '2.3.5',
32 silly addNameRange     '2.3.6',
32 silly addNameRange     '2.3.7',
32 silly addNameRange     '2.3.8',
32 silly addNameRange     '2.3.9',
32 silly addNameRange     '2.3.10',
32 silly addNameRange     '2.3.11',
32 silly addNameRange     '2.3.12',
32 silly addNameRange     '2.4.0',
32 silly addNameRange     '2.4.1',
32 silly addNameRange     '2.4.2',
32 silly addNameRange     '2.4.3',
32 silly addNameRange     '2.4.4',
32 silly addNameRange     '2.4.5',
32 silly addNameRange     '2.4.6',
32 silly addNameRange     '2.4.7',
32 silly addNameRange     '2.5.0',
32 silly addNameRange     '2.5.1',
32 silly addNameRange     '2.5.2',
32 silly addNameRange     '2.5.3',
32 silly addNameRange     '2.5.4',
32 silly addNameRange     '2.5.5',
32 silly addNameRange     '2.5.6',
32 silly addNameRange     '2.5.7',
32 silly addNameRange     '2.5.8',
32 silly addNameRange     '2.5.9',
32 silly addNameRange     '3.0.0alpha1',
32 silly addNameRange     '3.0.0alpha2',
32 silly addNameRange     '3.0.0alpha3',
32 silly addNameRange     '3.0.0alpha4',
32 silly addNameRange     '3.0.0alpha5',
32 silly addNameRange     '3.0.0beta1',
32 silly addNameRange     '3.0.0beta2',
32 silly addNameRange     '3.0.0beta3',
32 silly addNameRange     '2.5.10',
32 silly addNameRange     '3.0.0beta4',
32 silly addNameRange     '2.5.11',
32 silly addNameRange     '3.0.0beta6',
32 silly addNameRange     '3.0.0beta7',
32 silly addNameRange     '3.0.0rc1',
32 silly addNameRange     '3.0.0rc2',
32 silly addNameRange     '3.0.0rc3',
32 silly addNameRange     '3.0.0rc4',
32 silly addNameRange     '3.0.0rc5',
32 silly addNameRange     '3.0.0',
32 silly addNameRange     '3.0.1',
32 silly addNameRange     '3.0.2',
32 silly addNameRange     '3.0.3',
32 silly addNameRange     '3.0.4',
32 silly addNameRange     '3.0.5',
32 silly addNameRange     '3.0.6',
32 silly addNameRange     '3.1.0',
32 silly addNameRange     '3.1.1' ] ]
33 verbose addNamed [ 'express', '3.1.1' ]
34 verbose addNamed [ '3.1.1', '3.1.1' ]
35 silly lockFile e7d16cae-express-3-1-1 express@3.1.1
36 verbose lock express@3.1.1 /home/bdr/.npm/e7d16cae-express-3-1-1.lock
37 verbose read json /home/bdr/.npm/express/3.1.1/package/package.json
38 silly lockFile e7d16cae-express-3-1-1 express@3.1.1
39 silly lockFile e7d16cae-express-3-1-1 express@3.1.1
40 silly lockFile 64a534c1-express express@
41 silly lockFile 64a534c1-express express@
42 silly resolved [ { name: 'express',
42 silly resolved     description: 'Sinatra inspired web development framework',
42 silly resolved     version: '3.1.1',
42 silly resolved     author: { name: 'TJ Holowaychuk', email: 'tj@vision-media.ca' },
42 silly resolved     contributors: [ [Object], [Object], [Object], [Object] ],
42 silly resolved     dependencies:
42 silly resolved      { connect: '2.7.4',
42 silly resolved        commander: '0.6.1',
42 silly resolved        'range-parser': '0.0.4',
42 silly resolved        mkdirp: '~0.3.4',
42 silly resolved        cookie: '0.0.5',
42 silly resolved        'buffer-crc32': '~0.2.1',
42 silly resolved        fresh: '0.1.0',
42 silly resolved        methods: '0.0.1',
42 silly resolved        send: '0.1.0',
42 silly resolved        'cookie-signature': '0.0.1',
42 silly resolved        debug: '*' },
42 silly resolved     devDependencies:
42 silly resolved      { ejs: '*',
42 silly resolved        mocha: '*',
42 silly resolved        jade: '*',
42 silly resolved        hjs: '*',
42 silly resolved        stylus: '*',
42 silly resolved        should: '*',
42 silly resolved        'connect-redis': '*',
42 silly resolved        'github-flavored-markdown': '*',
42 silly resolved        supertest: '0.0.1' },
42 silly resolved     keywords:
42 silly resolved      [ 'express',
42 silly resolved        'framework',
42 silly resolved        'sinatra',
42 silly resolved        'web',
42 silly resolved        'rest',
42 silly resolved        'restful',
42 silly resolved        'router',
42 silly resolved        'app',
42 silly resolved        'api' ],
42 silly resolved     repository: { type: 'git', url: 'git://github.com/visionmedia/express' },
42 silly resolved     main: 'index',
42 silly resolved     bin: { express: './bin/express' },
42 silly resolved     scripts: { prepublish: 'npm prune', test: 'make test' },
42 silly resolved     engines: { node: '*' },
42 silly resolved     readme: '![express logo](http://f.cl.ly/items/0V2S1n0K1i3y1c122g04/Screen%20Shot%202012-04-11%20at%209.59.42%20AM.png)\n\n  Fast, unopinionated, minimalist web framework for [node](http://nodejs.org). [![Build Status](https://secure.travis-ci.org/visionmedia/express.png)](http://travis-ci.org/visionmedia/express) [![Dependency Status](https://gemnasium.com/visionmedia/express.png)](https://gemnasium.com/visionmedia/express)\n\n```js\nvar express = require(\'express\');\nvar app = express();\n\napp.get(\'/\', function(req, res){\n  res.send(\'Hello World\');\n});\n\napp.listen(3000);\n```\n\n## Installation\n\n    $ npm install -g express\n\n## Quick Start\n\n The quickest way to get started with express is to utilize the executable `express(1)` to generate an application as shown below:\n\n Create the app:\n\n    $ npm install -g express\n    $ express /tmp/foo && cd /tmp/foo\n\n Install dependencies:\n\n    $ npm install\n\n Start the server:\n\n    $ node app\n\n## Features\n\n  * Built on [Connect](http://github.com/senchalabs/connect)\n  * Robust routing\n  * HTTP helpers (redirection, caching, etc)\n  * View system supporting 14+ template engines\n  * Content negotiation\n  * Focus on high performance\n  * Environment based configuration\n  * Executable for generating applications quickly\n  * High test coverage\n\n## Philosophy\n\n  The Express philosophy is to provide small, robust tooling for HTTP servers. Making\n  it a great solution for single page applications, web sites, hybrids, or public\n  HTTP APIs.\n\n  Built on Connect you can use _only_ what you need, and nothing more, applications\n  can be as big or as small as you like, even a single file. Express does\n  not force you to use any specific ORM or template engine. With support for over\n  14 template engines via [Consolidate.js](http://github.com/visionmedia/consolidate.js)\n  you can quickly craft your perfect framework.\n\n## More Information\n\n  * Join #express on freenode\n  * [Google Group](http://groups.google.com/group/express-js) for discussion\n  * Follow [tjholowaychuk](http://twitter.com/tjholowaychuk) on twitter for updates\n  * Visit the [Wiki](http://github.com/visionmedia/express/wiki)\n  * [日本語ドキュメンテーション](http://hideyukisaito.com/doc/expressjs/) by [hideyukisaito](https://github.com/hideyukisaito)\n  * [Русскоязычная документация](http://express-js.ru/)\n  * Run express examples [online](https://runnable.com/express)\n\n## Viewing Examples\n\nClone the Express repo, then install the dev dependencies to install all the example / test suite deps:\n\n    $ git clone git://github.com/visionmedia/express.git --depth 1\n    $ cd express\n    $ npm install\n\nthen run whichever tests you want:\n\n    $ node examples/content-negotiation\n\n## Running Tests\n\nTo run the test suite first invoke the following command within the repo, installing the development dependencies:\n\n    $ npm install\n\nthen run the tests:\n\n    $ make test\n\n## Contributors\n\n```\nproject: express\ncommits: 3559\nactive : 468 days\nfiles  : 237\nauthors:\n 1891\tTj Holowaychuk          53.1%\n 1285\tvisionmedia             36.1%\n  182\tTJ Holowaychuk          5.1%\n   54\tAaron Heckmann          1.5%\n   34\tcsausdev                1.0%\n   26\tciaranj                 0.7%\n   21\tRobert Sköld            0.6%\n    6\tGuillermo Rauch         0.2%\n    3\tDav Glass               0.1%\n    3\tNick Poulden            0.1%\n    2\tRandy Merrill           0.1%\n    2\tBenny Wong              0.1%\n    2\tHunter Loftis           0.1%\n    2\tJake Gordon             0.1%\n    2\tBrian McKinney          0.1%\n    2\tRoman Shtylman          0.1%\n    2\tBen Weaver              0.1%\n    2\tDave Hoover             0.1%\n    2\tEivind Fjeldstad        0.1%\n    2\tDaniel Shaw             0.1%\n    1\tMatt Colyer             0.0%\n    1\tPau Ramon               0.0%\n    1\tPero Pejovic            0.0%\n    1\tPeter Rekdal Sunde      0.0%\n    1\tRaynos                  0.0%\n    1\tTeng Siong Ong          0.0%\n    1\tViktor Kelemen          0.0%\n    1\tctide                   0.0%\n    1\t8bitDesigner            0.0%\n    1\tisaacs                  0.0%\n    1\tmgutz                   0.0%\n    1\tpikeas                  0.0%\n    1\tshuwatto                0.0%\n    1\ttstrimple               0.0%\n    1\tewoudj                  0.0%\n    1\tAdam Sanderson          0.0%\n    1\tAndrii Kostenko         0.0%\n    1\tAndy Hiew               0.0%\n    1\tArpad Borsos            0.0%\n    1\tAshwin Purohit          0.0%\n    1\tBenjen                  0.0%\n    1\tDarren Torpey           0.0%\n    1\tGreg Ritter             0.0%\n    1\tGregory Ritter          0.0%\n    1\tJames Herdman           0.0%\n    1\tJim Snodgrass           0.0%\n    1\tJoe McCann              0.0%\n    1\tJonathan Dumaine        0.0%\n    1\tJonathan Palardy        0.0%\n    1\tJonathan Zacsh          0.0%\n    1\tJustin Lilly            0.0%\n    1\tKen Sato                0.0%\n    1\tMaciej Małecki          0.0%\n    1\tMasahiro Hayashi        0.0%\n```\n\n## License\n\n(The MIT License)\n\nCopyright (c) 2009-2012 TJ Holowaychuk &lt;tj@vision-media.ca&gt;\n\nPermission is hereby granted, free of charge, to any person obtaining\na copy of this software and associated documentation files (the\n\'Software\'), to deal in the Software without restriction, including\nwithout limitation the rights to use, copy, modify, merge, publish,\ndistribute, sublicense, and/or sell copies of the Software, and to\npermit persons to whom the Software is furnished to do so, subject to\nthe following conditions:\n\nThe above copyright notice and this permission notice shall be\nincluded in all copies or substantial portions of the Software.\n\nTHE SOFTWARE IS PROVIDED \'AS IS\', WITHOUT WARRANTY OF ANY KIND,\nEXPRESS OR IMPLIED, INCLUDING BUT NOT LIMITED TO THE WARRANTIES OF\nMERCHANTABILITY, FITNESS FOR A PARTICULAR PURPOSE AND NONINFRINGEMENT.\nIN NO EVENT SHALL THE AUTHORS OR COPYRIGHT HOLDERS BE LIABLE FOR ANY\nCLAIM, DAMAGES OR OTHER LIABILITY, WHETHER IN AN ACTION OF CONTRACT,\nTORT OR OTHERWISE, ARISING FROM, OUT OF OR IN CONNECTION WITH THE\nSOFTWARE OR THE USE OR OTHER DEALINGS IN THE SOFTWARE.\n',
42 silly resolved     readmeFilename: 'Readme.md',
42 silly resolved     _id: 'express@3.1.1',
42 silly resolved     _from: 'express@' } ]
43 info install express@3.1.1 into /home/bdr/bn44
44 info installOne express@3.1.1
45 verbose from cache /home/bdr/.npm/express/3.1.1/package/package.json
46 info /home/bdr/bn44/node_modules/express unbuild
47 verbose from cache /home/bdr/bn44/node_modules/express/package.json
48 info preuninstall express@3.1.1
49 info uninstall express@3.1.1
50 verbose true,/home/bdr/bn44/node_modules,/home/bdr/bn44/node_modules unbuild express@3.1.1
51 verbose /home/bdr/bn44/node_modules/.bin,[object Object] binRoot
52 info postuninstall express@3.1.1
53 verbose tar unpack /home/bdr/.npm/express/3.1.1/package.tgz
54 silly lockFile 2b160b5c-me-bdr-bn44-node-modules-express /home/bdr/bn44/node_modules/express
55 verbose lock /home/bdr/bn44/node_modules/express /home/bdr/.npm/2b160b5c-me-bdr-bn44-node-modules-express.lock
56 silly lockFile 95da775c-dr-npm-express-3-1-1-package-tgz /home/bdr/.npm/express/3.1.1/package.tgz
57 verbose lock /home/bdr/.npm/express/3.1.1/package.tgz /home/bdr/.npm/95da775c-dr-npm-express-3-1-1-package-tgz.lock
58 silly gunzTarPerm modes [ '755', '644' ]
59 silly gunzTarPerm extractEntry package.json
60 silly gunzTarPerm extractEntry .npmignore
61 silly gunzTarPerm extractEntry LICENSE
62 silly gunzTarPerm extractEntry index.js
63 silly gunzTarPerm extractEntry client.js
64 silly gunzTarPerm extractEntry test.js
65 silly gunzTarPerm extractEntry .travis.yml
66 silly gunzTarPerm extractEntry Readme.md
67 silly gunzTarPerm extractEntry Makefile
68 silly gunzTarPerm extractEntry lib/application.js
69 silly gunzTarPerm extractEntry lib/express.js
70 silly gunzTarPerm extractEntry lib/middleware.js
71 silly gunzTarPerm extractEntry lib/request.js
72 silly gunzTarPerm extractEntry lib/response.js
73 silly gunzTarPerm extractEntry lib/utils.js
74 silly gunzTarPerm extractEntry lib/view.js
75 silly gunzTarPerm extractEntry lib/router/index.js
76 silly gunzTarPerm extractEntry lib/router/route.js
77 silly gunzTarPerm extractEntry History.md
78 silly gunzTarPerm extractEntry bin/express
79 verbose read json /home/bdr/bn44/node_modules/express/package.json
80 silly lockFile 2b160b5c-me-bdr-bn44-node-modules-express /home/bdr/bn44/node_modules/express
81 silly lockFile 2b160b5c-me-bdr-bn44-node-modules-express /home/bdr/bn44/node_modules/express
82 silly lockFile 95da775c-dr-npm-express-3-1-1-package-tgz /home/bdr/.npm/express/3.1.1/package.tgz
83 silly lockFile 95da775c-dr-npm-express-3-1-1-package-tgz /home/bdr/.npm/express/3.1.1/package.tgz
84 info preinstall express@3.1.1
85 verbose from cache /home/bdr/bn44/node_modules/express/package.json
86 verbose readDependencies using package.json deps
87 verbose from cache /home/bdr/bn44/node_modules/express/package.json
88 verbose readDependencies using package.json deps
89 verbose cache add [ 'mkdirp@~0.3.4', null ]
90 verbose cache add name=undefined spec="mkdirp@~0.3.4" args=["mkdirp@~0.3.4",null]
91 verbose parsed url { protocol: null,
91 verbose parsed url   slashes: null,
91 verbose parsed url   auth: null,
91 verbose parsed url   host: null,
91 verbose parsed url   port: null,
91 verbose parsed url   hostname: null,
91 verbose parsed url   hash: null,
91 verbose parsed url   search: null,
91 verbose parsed url   query: null,
91 verbose parsed url   pathname: 'mkdirp@~0.3.4',
91 verbose parsed url   path: 'mkdirp@~0.3.4',
91 verbose parsed url   href: 'mkdirp@~0.3.4' }
92 verbose cache add name="mkdirp" spec="~0.3.4" args=["mkdirp","~0.3.4"]
93 verbose parsed url { protocol: null,
93 verbose parsed url   slashes: null,
93 verbose parsed url   auth: null,
93 verbose parsed url   host: null,
93 verbose parsed url   port: null,
93 verbose parsed url   hostname: null,
93 verbose parsed url   hash: null,
93 verbose parsed url   search: null,
93 verbose parsed url   query: null,
93 verbose parsed url   pathname: '~0.3.4',
93 verbose parsed url   path: '~0.3.4',
93 verbose parsed url   href: '~0.3.4' }
94 verbose addNamed [ 'mkdirp', '~0.3.4' ]
95 verbose addNamed [ null, '>=0.3.4- <0.4.0-' ]
96 silly lockFile f185e6bf-mkdirp-0-3-4 mkdirp@~0.3.4
97 verbose lock mkdirp@~0.3.4 /home/bdr/.npm/f185e6bf-mkdirp-0-3-4.lock
98 verbose cache add [ 'cookie@0.0.5', null ]
99 verbose cache add name=undefined spec="cookie@0.0.5" args=["cookie@0.0.5",null]
100 verbose parsed url { protocol: null,
100 verbose parsed url   slashes: null,
100 verbose parsed url   auth: null,
100 verbose parsed url   host: null,
100 verbose parsed url   port: null,
100 verbose parsed url   hostname: null,
100 verbose parsed url   hash: null,
100 verbose parsed url   search: null,
100 verbose parsed url   query: null,
100 verbose parsed url   pathname: 'cookie@0.0.5',
100 verbose parsed url   path: 'cookie@0.0.5',
100 verbose parsed url   href: 'cookie@0.0.5' }
101 verbose cache add name="cookie" spec="0.0.5" args=["cookie","0.0.5"]
102 verbose parsed url { protocol: null,
102 verbose parsed url   slashes: null,
102 verbose parsed url   auth: null,
102 verbose parsed url   host: null,
102 verbose parsed url   port: null,
102 verbose parsed url   hostname: null,
102 verbose parsed url   hash: null,
102 verbose parsed url   search: null,
102 verbose parsed url   query: null,
102 verbose parsed url   pathname: '0.0.5',
102 verbose parsed url   path: '0.0.5',
102 verbose parsed url   href: '0.0.5' }
103 verbose addNamed [ 'cookie', '0.0.5' ]
104 verbose addNamed [ '0.0.5', '0.0.5' ]
105 silly lockFile fe08ced7-cookie-0-0-5 cookie@0.0.5
106 verbose lock cookie@0.0.5 /home/bdr/.npm/fe08ced7-cookie-0-0-5.lock
107 silly addNameRange { name: 'mkdirp', range: '>=0.3.4- <0.4.0-', hasData: false }
108 verbose cache add [ 'buffer-crc32@~0.2.1', null ]
109 verbose cache add name=undefined spec="buffer-crc32@~0.2.1" args=["buffer-crc32@~0.2.1",null]
110 verbose parsed url { protocol: null,
110 verbose parsed url   slashes: null,
110 verbose parsed url   auth: null,
110 verbose parsed url   host: null,
110 verbose parsed url   port: null,
110 verbose parsed url   hostname: null,
110 verbose parsed url   hash: null,
110 verbose parsed url   search: null,
110 verbose parsed url   query: null,
110 verbose parsed url   pathname: 'buffer-crc32@~0.2.1',
110 verbose parsed url   path: 'buffer-crc32@~0.2.1',
110 verbose parsed url   href: 'buffer-crc32@~0.2.1' }
111 verbose cache add name="buffer-crc32" spec="~0.2.1" args=["buffer-crc32","~0.2.1"]
112 verbose parsed url { protocol: null,
112 verbose parsed url   slashes: null,
112 verbose parsed url   auth: null,
112 verbose parsed url   host: null,
112 verbose parsed url   port: null,
112 verbose parsed url   hostname: null,
112 verbose parsed url   hash: null,
112 verbose parsed url   search: null,
112 verbose parsed url   query: null,
112 verbose parsed url   pathname: '~0.2.1',
112 verbose parsed url   path: '~0.2.1',
112 verbose parsed url   href: '~0.2.1' }
113 verbose addNamed [ 'buffer-crc32', '~0.2.1' ]
114 verbose addNamed [ null, '>=0.2.1- <0.3.0-' ]
115 silly lockFile 3cc77c2c-buffer-crc32-0-2-1 buffer-crc32@~0.2.1
116 verbose lock buffer-crc32@~0.2.1 /home/bdr/.npm/3cc77c2c-buffer-crc32-0-2-1.lock
117 verbose cache add [ 'fresh@0.1.0', null ]
118 verbose cache add name=undefined spec="fresh@0.1.0" args=["fresh@0.1.0",null]
119 verbose parsed url { protocol: null,
119 verbose parsed url   slashes: null,
119 verbose parsed url   auth: null,
119 verbose parsed url   host: null,
119 verbose parsed url   port: null,
119 verbose parsed url   hostname: null,
119 verbose parsed url   hash: null,
119 verbose parsed url   search: null,
119 verbose parsed url   query: null,
119 verbose parsed url   pathname: 'fresh@0.1.0',
119 verbose parsed url   path: 'fresh@0.1.0',
119 verbose parsed url   href: 'fresh@0.1.0' }
120 verbose cache add name="fresh" spec="0.1.0" args=["fresh","0.1.0"]
121 verbose parsed url { protocol: null,
121 verbose parsed url   slashes: null,
121 verbose parsed url   auth: null,
121 verbose parsed url   host: null,
121 verbose parsed url   port: null,
121 verbose parsed url   hostname: null,
121 verbose parsed url   hash: null,
121 verbose parsed url   search: null,
121 verbose parsed url   query: null,
121 verbose parsed url   pathname: '0.1.0',
121 verbose parsed url   path: '0.1.0',
121 verbose parsed url   href: '0.1.0' }
122 verbose addNamed [ 'fresh', '0.1.0' ]
123 verbose addNamed [ '0.1.0', '0.1.0' ]
124 silly lockFile 3dea7da8-fresh-0-1-0 fresh@0.1.0
125 verbose lock fresh@0.1.0 /home/bdr/.npm/3dea7da8-fresh-0-1-0.lock
126 verbose cache add [ 'methods@0.0.1', null ]
127 verbose cache add name=undefined spec="methods@0.0.1" args=["methods@0.0.1",null]
128 verbose parsed url { protocol: null,
128 verbose parsed url   slashes: null,
128 verbose parsed url   auth: null,
128 verbose parsed url   host: null,
128 verbose parsed url   port: null,
128 verbose parsed url   hostname: null,
128 verbose parsed url   hash: null,
128 verbose parsed url   search: null,
128 verbose parsed url   query: null,
128 verbose parsed url   pathname: 'methods@0.0.1',
128 verbose parsed url   path: 'methods@0.0.1',
128 verbose parsed url   href: 'methods@0.0.1' }
129 verbose cache add name="methods" spec="0.0.1" args=["methods","0.0.1"]
130 verbose parsed url { protocol: null,
130 verbose parsed url   slashes: null,
130 verbose parsed url   auth: null,
130 verbose parsed url   host: null,
130 verbose parsed url   port: null,
130 verbose parsed url   hostname: null,
130 verbose parsed url   hash: null,
130 verbose parsed url   search: null,
130 verbose parsed url   query: null,
130 verbose parsed url   pathname: '0.0.1',
130 verbose parsed url   path: '0.0.1',
130 verbose parsed url   href: '0.0.1' }
131 verbose addNamed [ 'methods', '0.0.1' ]
132 verbose addNamed [ '0.0.1', '0.0.1' ]
133 silly lockFile 209c2920-methods-0-0-1 methods@0.0.1
134 verbose lock methods@0.0.1 /home/bdr/.npm/209c2920-methods-0-0-1.lock
135 verbose cache add [ 'send@0.1.0', null ]
136 verbose cache add name=undefined spec="send@0.1.0" args=["send@0.1.0",null]
137 verbose parsed url { protocol: null,
137 verbose parsed url   slashes: null,
137 verbose parsed url   auth: null,
137 verbose parsed url   host: null,
137 verbose parsed url   port: null,
137 verbose parsed url   hostname: null,
137 verbose parsed url   hash: null,
137 verbose parsed url   search: null,
137 verbose parsed url   query: null,
137 verbose parsed url   pathname: 'send@0.1.0',
137 verbose parsed url   path: 'send@0.1.0',
137 verbose parsed url   href: 'send@0.1.0' }
138 verbose cache add name="send" spec="0.1.0" args=["send","0.1.0"]
139 verbose parsed url { protocol: null,
139 verbose parsed url   slashes: null,
139 verbose parsed url   auth: null,
139 verbose parsed url   host: null,
139 verbose parsed url   port: null,
139 verbose parsed url   hostname: null,
139 verbose parsed url   hash: null,
139 verbose parsed url   search: null,
139 verbose parsed url   query: null,
139 verbose parsed url   pathname: '0.1.0',
139 verbose parsed url   path: '0.1.0',
139 verbose parsed url   href: '0.1.0' }
140 verbose addNamed [ 'send', '0.1.0' ]
141 verbose addNamed [ '0.1.0', '0.1.0' ]
142 silly lockFile ef2886cd-send-0-1-0 send@0.1.0
143 verbose lock send@0.1.0 /home/bdr/.npm/ef2886cd-send-0-1-0.lock
144 verbose cache add [ 'cookie-signature@0.0.1', null ]
145 verbose cache add name=undefined spec="cookie-signature@0.0.1" args=["cookie-signature@0.0.1",null]
146 verbose parsed url { protocol: null,
146 verbose parsed url   slashes: null,
146 verbose parsed url   auth: null,
146 verbose parsed url   host: null,
146 verbose parsed url   port: null,
146 verbose parsed url   hostname: null,
146 verbose parsed url   hash: null,
146 verbose parsed url   search: null,
146 verbose parsed url   query: null,
146 verbose parsed url   pathname: 'cookie-signature@0.0.1',
146 verbose parsed url   path: 'cookie-signature@0.0.1',
146 verbose parsed url   href: 'cookie-signature@0.0.1' }
147 verbose cache add name="cookie-signature" spec="0.0.1" args=["cookie-signature","0.0.1"]
148 verbose parsed url { protocol: null,
148 verbose parsed url   slashes: null,
148 verbose parsed url   auth: null,
148 verbose parsed url   host: null,
148 verbose parsed url   port: null,
148 verbose parsed url   hostname: null,
148 verbose parsed url   hash: null,
148 verbose parsed url   search: null,
148 verbose parsed url   query: null,
148 verbose parsed url   pathname: '0.0.1',
148 verbose parsed url   path: '0.0.1',
148 verbose parsed url   href: '0.0.1' }
149 verbose addNamed [ 'cookie-signature', '0.0.1' ]
150 verbose addNamed [ '0.0.1', '0.0.1' ]
151 silly lockFile f4fbff07-cookie-signature-0-0-1 cookie-signature@0.0.1
152 verbose lock cookie-signature@0.0.1 /home/bdr/.npm/f4fbff07-cookie-signature-0-0-1.lock
153 verbose cache add [ 'debug@*', null ]
154 verbose cache add name=undefined spec="debug@*" args=["debug@*",null]
155 verbose parsed url { protocol: null,
155 verbose parsed url   slashes: null,
155 verbose parsed url   auth: null,
155 verbose parsed url   host: null,
155 verbose parsed url   port: null,
155 verbose parsed url   hostname: null,
155 verbose parsed url   hash: null,
155 verbose parsed url   search: null,
155 verbose parsed url   query: null,
155 verbose parsed url   pathname: 'debug@*',
155 verbose parsed url   path: 'debug@*',
155 verbose parsed url   href: 'debug@*' }
156 verbose cache add name="debug" spec="*" args=["debug","*"]
157 verbose parsed url { protocol: null,
157 verbose parsed url   slashes: null,
157 verbose parsed url   auth: null,
157 verbose parsed url   host: null,
157 verbose parsed url   port: null,
157 verbose parsed url   hostname: null,
157 verbose parsed url   hash: null,
157 verbose parsed url   search: null,
157 verbose parsed url   query: null,
157 verbose parsed url   pathname: '*',
157 verbose parsed url   path: '*',
157 verbose parsed url   href: '*' }
158 verbose addNamed [ 'debug', '*' ]
159 verbose addNamed [ null, '' ]
160 silly lockFile 3ac45eff-debug debug@*
161 verbose lock debug@* /home/bdr/.npm/3ac45eff-debug.lock
162 silly addNameRange { name: 'buffer-crc32',
162 silly addNameRange   range: '>=0.2.1- <0.3.0-',
162 silly addNameRange   hasData: false }
163 silly addNameRange { name: 'debug', range: '', hasData: false }
164 verbose cache add [ 'connect@2.7.4', null ]
165 verbose cache add name=undefined spec="connect@2.7.4" args=["connect@2.7.4",null]
166 verbose parsed url { protocol: null,
166 verbose parsed url   slashes: null,
166 verbose parsed url   auth: null,
166 verbose parsed url   host: null,
166 verbose parsed url   port: null,
166 verbose parsed url   hostname: null,
166 verbose parsed url   hash: null,
166 verbose parsed url   search: null,
166 verbose parsed url   query: null,
166 verbose parsed url   pathname: 'connect@2.7.4',
166 verbose parsed url   path: 'connect@2.7.4',
166 verbose parsed url   href: 'connect@2.7.4' }
167 verbose cache add name="connect" spec="2.7.4" args=["connect","2.7.4"]
168 verbose parsed url { protocol: null,
168 verbose parsed url   slashes: null,
168 verbose parsed url   auth: null,
168 verbose parsed url   host: null,
168 verbose parsed url   port: null,
168 verbose parsed url   hostname: null,
168 verbose parsed url   hash: null,
168 verbose parsed url   search: null,
168 verbose parsed url   query: null,
168 verbose parsed url   pathname: '2.7.4',
168 verbose parsed url   path: '2.7.4',
168 verbose parsed url   href: '2.7.4' }
169 verbose addNamed [ 'connect', '2.7.4' ]
170 verbose addNamed [ '2.7.4', '2.7.4' ]
171 silly lockFile d15b40b8-connect-2-7-4 connect@2.7.4
172 verbose lock connect@2.7.4 /home/bdr/.npm/d15b40b8-connect-2-7-4.lock
173 verbose cache add [ 'commander@0.6.1', null ]
174 verbose cache add name=undefined spec="commander@0.6.1" args=["commander@0.6.1",null]
175 verbose parsed url { protocol: null,
175 verbose parsed url   slashes: null,
175 verbose parsed url   auth: null,
175 verbose parsed url   host: null,
175 verbose parsed url   port: null,
175 verbose parsed url   hostname: null,
175 verbose parsed url   hash: null,
175 verbose parsed url   search: null,
175 verbose parsed url   query: null,
175 verbose parsed url   pathname: 'commander@0.6.1',
175 verbose parsed url   path: 'commander@0.6.1',
175 verbose parsed url   href: 'commander@0.6.1' }
176 verbose cache add name="commander" spec="0.6.1" args=["commander","0.6.1"]
177 verbose parsed url { protocol: null,
177 verbose parsed url   slashes: null,
177 verbose parsed url   auth: null,
177 verbose parsed url   host: null,
177 verbose parsed url   port: null,
177 verbose parsed url   hostname: null,
177 verbose parsed url   hash: null,
177 verbose parsed url   search: null,
177 verbose parsed url   query: null,
177 verbose parsed url   pathname: '0.6.1',
177 verbose parsed url   path: '0.6.1',
177 verbose parsed url   href: '0.6.1' }
178 verbose addNamed [ 'commander', '0.6.1' ]
179 verbose addNamed [ '0.6.1', '0.6.1' ]
180 silly lockFile fa16a2ce-commander-0-6-1 commander@0.6.1
181 verbose lock commander@0.6.1 /home/bdr/.npm/fa16a2ce-commander-0-6-1.lock
182 verbose cache add [ 'range-parser@0.0.4', null ]
183 verbose cache add name=undefined spec="range-parser@0.0.4" args=["range-parser@0.0.4",null]
184 verbose parsed url { protocol: null,
184 verbose parsed url   slashes: null,
184 verbose parsed url   auth: null,
184 verbose parsed url   host: null,
184 verbose parsed url   port: null,
184 verbose parsed url   hostname: null,
184 verbose parsed url   hash: null,
184 verbose parsed url   search: null,
184 verbose parsed url   query: null,
184 verbose parsed url   pathname: 'range-parser@0.0.4',
184 verbose parsed url   path: 'range-parser@0.0.4',
184 verbose parsed url   href: 'range-parser@0.0.4' }
185 verbose cache add name="range-parser" spec="0.0.4" args=["range-parser","0.0.4"]
186 verbose parsed url { protocol: null,
186 verbose parsed url   slashes: null,
186 verbose parsed url   auth: null,
186 verbose parsed url   host: null,
186 verbose parsed url   port: null,
186 verbose parsed url   hostname: null,
186 verbose parsed url   hash: null,
186 verbose parsed url   search: null,
186 verbose parsed url   query: null,
186 verbose parsed url   pathname: '0.0.4',
186 verbose parsed url   path: '0.0.4',
186 verbose parsed url   href: '0.0.4' }
187 verbose addNamed [ 'range-parser', '0.0.4' ]
188 verbose addNamed [ '0.0.4', '0.0.4' ]
189 silly lockFile 0760c556-range-parser-0-0-4 range-parser@0.0.4
190 verbose lock range-parser@0.0.4 /home/bdr/.npm/0760c556-range-parser-0-0-4.lock
191 verbose url raw mkdirp
192 verbose url resolving [ 'https://registry.npmjs.org/', './mkdirp' ]
193 verbose url resolved https://registry.npmjs.org/mkdirp
194 info trying registry request attempt 1 at 18:16:43
195 verbose etag "4LI448CFBSCG3XUYU69RZGXOM"
196 http GET https://registry.npmjs.org/mkdirp
197 verbose url raw fresh/0.1.0
198 verbose url resolving [ 'https://registry.npmjs.org/', './fresh/0.1.0' ]
199 verbose url resolved https://registry.npmjs.org/fresh/0.1.0
200 info trying registry request attempt 1 at 18:16:43
201 verbose etag "6V7GPM0KNNBYXQ2K6E533OC3"
202 http GET https://registry.npmjs.org/fresh/0.1.0
203 verbose url raw buffer-crc32
204 verbose url resolving [ 'https://registry.npmjs.org/', './buffer-crc32' ]
205 verbose url resolved https://registry.npmjs.org/buffer-crc32
206 info trying registry request attempt 1 at 18:16:43
207 verbose etag "EO3Q2R6SYIEPJ8HKLW45H7KRK"
208 http GET https://registry.npmjs.org/buffer-crc32
209 verbose url raw methods/0.0.1
210 verbose url resolving [ 'https://registry.npmjs.org/', './methods/0.0.1' ]
211 verbose url resolved https://registry.npmjs.org/methods/0.0.1
212 info trying registry request attempt 1 at 18:16:43
213 verbose etag "5HC8O8WYLW5NWB76BLD8A2VD5"
214 http GET https://registry.npmjs.org/methods/0.0.1
215 verbose url raw cookie-signature/0.0.1
216 verbose url resolving [ 'https://registry.npmjs.org/', './cookie-signature/0.0.1' ]
217 verbose url resolved https://registry.npmjs.org/cookie-signature/0.0.1
218 info trying registry request attempt 1 at 18:16:43
219 verbose etag "CF8LRHA30T4YBUTP27MZ74G7K"
220 http GET https://registry.npmjs.org/cookie-signature/0.0.1
221 verbose url raw cookie/0.0.5
222 verbose url resolving [ 'https://registry.npmjs.org/', './cookie/0.0.5' ]
223 verbose url resolved https://registry.npmjs.org/cookie/0.0.5
224 info trying registry request attempt 1 at 18:16:43
225 verbose etag "8VX6XV8E1NMD2MFJR6YOFGL66"
226 http GET https://registry.npmjs.org/cookie/0.0.5
227 verbose url raw send/0.1.0
228 verbose url resolving [ 'https://registry.npmjs.org/', './send/0.1.0' ]
229 verbose url resolved https://registry.npmjs.org/send/0.1.0
230 info trying registry request attempt 1 at 18:16:46
231 verbose etag "WNVOE2VWFBLQIC3A2M4IKBPP"
232 http GET https://registry.npmjs.org/send/0.1.0
233 verbose url raw connect/2.7.4
234 verbose url resolving [ 'https://registry.npmjs.org/', './connect/2.7.4' ]
235 verbose url resolved https://registry.npmjs.org/connect/2.7.4
236 info trying registry request attempt 1 at 18:16:46
237 verbose etag "2EGCP5JM3HRG2BSW0QRMVO8HA"
238 http GET https://registry.npmjs.org/connect/2.7.4
239 verbose url raw debug
240 verbose url resolving [ 'https://registry.npmjs.org/', './debug' ]
241 verbose url resolved https://registry.npmjs.org/debug
242 info trying registry request attempt 1 at 18:16:46
243 verbose etag "4QJ11HEP2DYSAUU7FEQQ85OBW"
244 http GET https://registry.npmjs.org/debug
245 verbose url raw commander/0.6.1
246 verbose url resolving [ 'https://registry.npmjs.org/', './commander/0.6.1' ]
247 verbose url resolved https://registry.npmjs.org/commander/0.6.1
248 info trying registry request attempt 1 at 18:16:46
249 verbose etag "EH44DZC8299609QDAOUC0RY75"
250 http GET https://registry.npmjs.org/commander/0.6.1
251 verbose url raw range-parser/0.0.4
252 verbose url resolving [ 'https://registry.npmjs.org/', './range-parser/0.0.4' ]
253 verbose url resolved https://registry.npmjs.org/range-parser/0.0.4
254 info trying registry request attempt 1 at 18:16:46
255 verbose etag "5RN4EIM0NZGES8DY735B75LHK"
256 http GET https://registry.npmjs.org/range-parser/0.0.4
257 http 200 https://registry.npmjs.org/mkdirp
258 silly registry.get cb [ 200,
258 silly registry.get   { vary: 'Accept',
258 silly registry.get     server: 'CouchDB/1.3.0 (Erlang OTP/R15B03)',
258 silly registry.get     etag: '"6PV7OT2J70BO48D4WZ7QYBJ06"',
258 silly registry.get     date: 'Thu, 11 Apr 2013 22:16:47 GMT',
258 silly registry.get     'content-type': 'application/json',
258 silly registry.get     'content-length': '17863' } ]
259 http 200 https://registry.npmjs.org/methods/0.0.1
260 silly registry.get cb [ 200,
260 silly registry.get   { vary: 'Accept',
260 silly registry.get     server: 'CouchDB/1.3.0 (Erlang OTP/R15B03)',
260 silly registry.get     etag: '"27PNDVCR34N9PLUBD22E2N507"',
260 silly registry.get     date: 'Thu, 11 Apr 2013 22:16:47 GMT',
260 silly registry.get     'content-type': 'application/json',
260 silly registry.get     'content-length': '496' } ]
261 http 200 https://registry.npmjs.org/cookie-signature/0.0.1
262 silly registry.get cb [ 200,
262 silly registry.get   { vary: 'Accept',
262 silly registry.get     server: 'CouchDB/1.3.0 (Erlang OTP/R15B03)',
262 silly registry.get     etag: '"ACINP9ZOM6KES12RL6WZMZPQE"',
262 silly registry.get     date: 'Thu, 11 Apr 2013 22:16:47 GMT',
262 silly registry.get     'content-type': 'application/json',
262 silly registry.get     'content-length': '527' } ]
263 http 200 https://registry.npmjs.org/buffer-crc32
264 silly registry.get cb [ 200,
264 silly registry.get   { vary: 'Accept',
264 silly registry.get     server: 'CouchDB/1.3.0 (Erlang OTP/R15B03)',
264 silly registry.get     etag: '"3MGT6DA4AJWA64BSFFNWXYKDA"',
264 silly registry.get     date: 'Thu, 11 Apr 2013 22:16:47 GMT',
264 silly registry.get     'content-type': 'application/json',
264 silly registry.get     'content-length': '9188' } ]
265 silly addNameRange number 2 { name: 'mkdirp', range: '>=0.3.4- <0.4.0-', hasData: true }
266 silly addNameRange versions [ 'mkdirp',
266 silly addNameRange   [ '0.0.1',
266 silly addNameRange     '0.0.2',
266 silly addNameRange     '0.0.3',
266 silly addNameRange     '0.0.4',
266 silly addNameRange     '0.0.5',
266 silly addNameRange     '0.0.6',
266 silly addNameRange     '0.0.7',
266 silly addNameRange     '0.1.0',
266 silly addNameRange     '0.2.0',
266 silly addNameRange     '0.2.1',
266 silly addNameRange     '0.2.2',
266 silly addNameRange     '0.3.0',
266 silly addNameRange     '0.3.1',
266 silly addNameRange     '0.3.2',
266 silly addNameRange     '0.3.3',
266 silly addNameRange     '0.3.4',
266 silly addNameRange     '0.3.5' ] ]
267 verbose addNamed [ 'mkdirp', '0.3.5' ]
268 verbose addNamed [ '0.3.5', '0.3.5' ]
269 silly lockFile 67d2df2a-mkdirp-0-3-5 mkdirp@0.3.5
270 verbose lock mkdirp@0.3.5 /home/bdr/.npm/67d2df2a-mkdirp-0-3-5.lock
271 silly lockFile 0b9c0212-js-org-methods-methods-0-0-1-tgz https://registry.npmjs.org/methods/-/methods-0.0.1.tgz
272 verbose lock https://registry.npmjs.org/methods/-/methods-0.0.1.tgz /home/bdr/.npm/0b9c0212-js-org-methods-methods-0-0-1-tgz.lock
273 verbose addRemoteTarball [ 'https://registry.npmjs.org/methods/-/methods-0.0.1.tgz',
273 verbose addRemoteTarball   '277c90f8bef39709645a8371c51c3b6c648e068c' ]
274 verbose read json /home/bdr/.npm/mkdirp/0.3.5/package/package.json
275 silly lockFile fff727c9-ature-cookie-signature-0-0-1-tgz https://registry.npmjs.org/cookie-signature/-/cookie-signature-0.0.1.tgz
276 verbose lock https://registry.npmjs.org/cookie-signature/-/cookie-signature-0.0.1.tgz /home/bdr/.npm/fff727c9-ature-cookie-signature-0-0-1-tgz.lock
277 silly addNameRange number 2 { name: 'buffer-crc32',
277 silly addNameRange   range: '>=0.2.1- <0.3.0-',
277 silly addNameRange   hasData: true }
278 silly addNameRange versions [ 'buffer-crc32', [ '0.1.0', '0.1.1', '0.2.0', '0.2.1' ] ]
279 verbose addNamed [ 'buffer-crc32', '0.2.1' ]
280 verbose addNamed [ '0.2.1', '0.2.1' ]
281 silly lockFile 057d0d26-buffer-crc32-0-2-1 buffer-crc32@0.2.1
282 verbose lock buffer-crc32@0.2.1 /home/bdr/.npm/057d0d26-buffer-crc32-0-2-1.lock
283 verbose addRemoteTarball [ 'https://registry.npmjs.org/cookie-signature/-/cookie-signature-0.0.1.tgz',
283 verbose addRemoteTarball   '13d3603b5cf63befbf85a8801e37aa900db46985' ]
284 silly lockFile 0b9c0212-js-org-methods-methods-0-0-1-tgz https://registry.npmjs.org/methods/-/methods-0.0.1.tgz
285 silly lockFile 0b9c0212-js-org-methods-methods-0-0-1-tgz https://registry.npmjs.org/methods/-/methods-0.0.1.tgz
286 verbose read json /home/bdr/.npm/buffer-crc32/0.2.1/package/package.json
287 silly lockFile 209c2920-methods-0-0-1 methods@0.0.1
288 silly lockFile 209c2920-methods-0-0-1 methods@0.0.1
289 silly lockFile fff727c9-ature-cookie-signature-0-0-1-tgz https://registry.npmjs.org/cookie-signature/-/cookie-signature-0.0.1.tgz
290 silly lockFile fff727c9-ature-cookie-signature-0-0-1-tgz https://registry.npmjs.org/cookie-signature/-/cookie-signature-0.0.1.tgz
291 verbose about to build /home/bdr/bn44/node_modules/express
292 info /home/bdr/bn44/node_modules/express unbuild
293 verbose from cache /home/bdr/bn44/node_modules/express/package.json
294 info preuninstall express@3.1.1
295 silly lockFile f4fbff07-cookie-signature-0-0-1 cookie-signature@0.0.1
296 silly lockFile f4fbff07-cookie-signature-0-0-1 cookie-signature@0.0.1
297 info uninstall express@3.1.1
298 http 200 https://registry.npmjs.org/send/0.1.0
299 silly registry.get cb [ 200,
299 silly registry.get   { vary: 'Accept',
299 silly registry.get     server: 'CouchDB/1.3.0 (Erlang OTP/R15B03)',
299 silly registry.get     etag: '"UQQ9ZY2AKN1PBWR3TV2V4DOW"',
299 silly registry.get     date: 'Thu, 11 Apr 2013 22:16:47 GMT',
299 silly registry.get     'content-type': 'application/json',
299 silly registry.get     'content-length': '4391' } ]
300 http 200 https://registry.npmjs.org/cookie/0.0.5
301 silly registry.get cb [ 200,
301 silly registry.get   { vary: 'Accept',
301 silly registry.get     server: 'CouchDB/1.3.0 (Erlang OTP/R15B03)',
301 silly registry.get     etag: '"AJXWV81G6JYYHPABREKBN8ZTX"',
301 silly registry.get     date: 'Thu, 11 Apr 2013 22:16:47 GMT',
301 silly registry.get     'content-type': 'application/json',
301 silly registry.get     'content-length': '1797' } ]
302 verbose true,/home/bdr/bn44/node_modules,/home/bdr/bn44/node_modules unbuild express@3.1.1
303 verbose /home/bdr/bn44/node_modules/.bin,[object Object] binRoot
304 http 200 https://registry.npmjs.org/connect/2.7.4
305 silly registry.get cb [ 200,
305 silly registry.get   { vary: 'Accept',
305 silly registry.get     server: 'CouchDB/1.3.0 (Erlang OTP/R15B03)',
305 silly registry.get     etag: '"9WD1GIUZYH74KNU31BJJH6SSU"',
305 silly registry.get     date: 'Thu, 11 Apr 2013 22:16:47 GMT',
305 silly registry.get     'content-type': 'application/json',
305 silly registry.get     'content-length': '6153' } ]
306 info postuninstall express@3.1.1
307 silly lockFile c7198075-ry-npmjs-org-send-send-0-1-0-tgz https://registry.npmjs.org/send/-/send-0.1.0.tgz
308 verbose lock https://registry.npmjs.org/send/-/send-0.1.0.tgz /home/bdr/.npm/c7198075-ry-npmjs-org-send-send-0-1-0-tgz.lock
309 silly lockFile 65da37ca-pmjs-org-cookie-cookie-0-0-5-tgz https://registry.npmjs.org/cookie/-/cookie-0.0.5.tgz
310 verbose lock https://registry.npmjs.org/cookie/-/cookie-0.0.5.tgz /home/bdr/.npm/65da37ca-pmjs-org-cookie-cookie-0-0-5-tgz.lock
311 verbose addRemoteTarball [ 'https://registry.npmjs.org/send/-/send-0.1.0.tgz',
311 verbose addRemoteTarball   'cfb08ebd3cec9b7fc1a37d9ff9e875a971cf4640' ]
312 verbose addRemoteTarball [ 'https://registry.npmjs.org/cookie/-/cookie-0.0.5.tgz',
312 verbose addRemoteTarball   'f9acf9db57eb7568c9fcc596256b7bb22e307c81' ]
313 silly lockFile 67d2df2a-mkdirp-0-3-5 mkdirp@0.3.5
314 silly lockFile 67d2df2a-mkdirp-0-3-5 mkdirp@0.3.5
315 silly lockFile 057d0d26-buffer-crc32-0-2-1 buffer-crc32@0.2.1
316 silly lockFile 057d0d26-buffer-crc32-0-2-1 buffer-crc32@0.2.1
317 silly lockFile b7ea9309-js-org-connect-connect-2-7-4-tgz https://registry.npmjs.org/connect/-/connect-2.7.4.tgz
318 verbose lock https://registry.npmjs.org/connect/-/connect-2.7.4.tgz /home/bdr/.npm/b7ea9309-js-org-connect-connect-2-7-4-tgz.lock
319 http 200 https://registry.npmjs.org/debug
320 silly registry.get cb [ 200,
320 silly registry.get   { vary: 'Accept',
320 silly registry.get     server: 'CouchDB/1.3.0 (Erlang OTP/R15B03)',
320 silly registry.get     etag: '"9U3MUCDPPV2HXJ3V38L4MH2NX"',
320 silly registry.get     date: 'Thu, 11 Apr 2013 22:16:47 GMT',
320 silly registry.get     'content-type': 'application/json',
320 silly registry.get     'content-length': '21711' } ]
321 http 200 https://registry.npmjs.org/range-parser/0.0.4
322 silly registry.get cb [ 200,
322 silly registry.get   { vary: 'Accept',
322 silly registry.get     server: 'CouchDB/1.3.0 (Erlang OTP/R15B03)',
322 silly registry.get     etag: '"4LYQEZP7F0RJGVO8CMQ7D0ZM2"',
322 silly registry.get     date: 'Thu, 11 Apr 2013 22:16:48 GMT',
322 silly registry.get     'content-type': 'application/json',
322 silly registry.get     'content-length': '728' } ]
323 verbose addRemoteTarball [ 'https://registry.npmjs.org/connect/-/connect-2.7.4.tgz',
323 verbose addRemoteTarball   '9c641fa2bd86aec1b0311702929532611003c136' ]
324 silly lockFile f185e6bf-mkdirp-0-3-4 mkdirp@~0.3.4
325 silly lockFile f185e6bf-mkdirp-0-3-4 mkdirp@~0.3.4
326 silly lockFile 3cc77c2c-buffer-crc32-0-2-1 buffer-crc32@~0.2.1
327 silly lockFile 3cc77c2c-buffer-crc32-0-2-1 buffer-crc32@~0.2.1
328 silly lockFile c7198075-ry-npmjs-org-send-send-0-1-0-tgz https://registry.npmjs.org/send/-/send-0.1.0.tgz
329 silly lockFile c7198075-ry-npmjs-org-send-send-0-1-0-tgz https://registry.npmjs.org/send/-/send-0.1.0.tgz
330 silly lockFile 65da37ca-pmjs-org-cookie-cookie-0-0-5-tgz https://registry.npmjs.org/cookie/-/cookie-0.0.5.tgz
331 silly lockFile 65da37ca-pmjs-org-cookie-cookie-0-0-5-tgz https://registry.npmjs.org/cookie/-/cookie-0.0.5.tgz
332 http 200 https://registry.npmjs.org/commander/0.6.1
333 silly registry.get cb [ 200,
333 silly registry.get   { vary: 'Accept',
333 silly registry.get     server: 'CouchDB/1.3.0 (Erlang OTP/R15B03)',
333 silly registry.get     etag: '"3C8M6PFRNJ3VUM9T3R9ULU9I7"',
333 silly registry.get     date: 'Thu, 11 Apr 2013 22:16:48 GMT',
333 silly registry.get     'content-type': 'application/json',
333 silly registry.get     'content-length': '7887' } ]
334 silly lockFile ef2886cd-send-0-1-0 send@0.1.0
335 silly lockFile ef2886cd-send-0-1-0 send@0.1.0
336 silly lockFile fe08ced7-cookie-0-0-5 cookie@0.0.5
337 silly lockFile fe08ced7-cookie-0-0-5 cookie@0.0.5
338 silly lockFile b7ea9309-js-org-connect-connect-2-7-4-tgz https://registry.npmjs.org/connect/-/connect-2.7.4.tgz
339 silly lockFile b7ea9309-js-org-connect-connect-2-7-4-tgz https://registry.npmjs.org/connect/-/connect-2.7.4.tgz
340 silly lockFile d15b40b8-connect-2-7-4 connect@2.7.4
341 silly lockFile d15b40b8-connect-2-7-4 connect@2.7.4
342 silly addNameRange number 2 { name: 'debug', range: '', hasData: true }
343 silly addNameRange versions [ 'debug',
343 silly addNameRange   [ '0.0.1',
343 silly addNameRange     '0.1.0',
343 silly addNameRange     '0.2.0',
343 silly addNameRange     '0.3.0',
343 silly addNameRange     '0.4.0',
343 silly addNameRange     '0.4.1',
343 silly addNameRange     '0.5.0',
343 silly addNameRange     '0.6.0',
343 silly addNameRange     '0.7.0',
343 silly addNameRange     '0.7.1',
343 silly addNameRange     '0.7.2' ] ]
344 verbose addNamed [ 'debug', '0.7.2' ]
345 verbose addNamed [ '0.7.2', '0.7.2' ]
346 silly lockFile 432e5064-debug-0-7-2 debug@0.7.2
347 verbose lock debug@0.7.2 /home/bdr/.npm/432e5064-debug-0-7-2.lock
348 silly lockFile edd85cc6-ge-parser-range-parser-0-0-4-tgz https://registry.npmjs.org/range-parser/-/range-parser-0.0.4.tgz
349 verbose lock https://registry.npmjs.org/range-parser/-/range-parser-0.0.4.tgz /home/bdr/.npm/edd85cc6-ge-parser-range-parser-0-0-4-tgz.lock
350 error Error: EACCES, mkdir '/home/bdr/tmp/npm-3098'
350 error  { [Error: EACCES, mkdir '/home/bdr/tmp/npm-3098'] errno: 3, code: 'EACCES', path: '/home/bdr/tmp/npm-3098' }
351 error Please try running this command again as root/Administrator.
352 error System Linux 3.5.0-17-generic
353 error command "/usr/local/bin/node" "/usr/local/bin/npm" "install" "express"
354 error cwd /home/bdr/bn44
355 error node -v v0.10.0
356 error npm -v 1.2.14
357 error path /home/bdr/tmp/npm-3098
358 error code EACCES
359 error errno 3
360 error stack Error: EACCES, mkdir '/home/bdr/tmp/npm-3098'
361 verbose exit [ 3, true ]
